# JRE version: OpenJDK Runtime Environment (8.0_242-b01) (build 1.8.0_242-release-1644-b01)
# Java VM: OpenJDK 64-Bit Server VM (25.242-b01 mixed mode windows-amd64 compressed oops)
Heap:
 PSYoungGen      total 535040K, used 111671K [0x00000000d5580000, 0x00000000fa500000, 0x0000000100000000)
  eden space 475648K, 10% used [0x00000000d5580000,0x00000000d88910d0,0x00000000f2600000)
  from space 59392K, 99% used [0x00000000f2600000,0x00000000f5ffcf08,0x00000000f6000000)
  to   space 56320K, 0% used [0x00000000f6000000,0x00000000f6000000,0x00000000f9700000)
 ParOldGen       total 184832K, used 99801K [0x0000000080000000, 0x000000008b480000, 0x00000000d5580000)
  object space 184832K, 53% used [0x0000000080000000,0x0000000086176578,0x000000008b480000)
 Metaspace       used 119353K, capacity 126993K, committed 127104K, reserved 1159168K
  class space    used 15677K, capacity 17203K, committed 17280K, reserved 1048576K
GC Heap History (10 events):
Event: 98.839 GC heap before
{Heap before GC invocations=31 (full 4):
 PSYoungGen      total 412672K, used 50701K [0x00000000d5580000, 0x00000000f6300000, 0x0000000100000000)
  eden space 360960K, 0% used [0x00000000d5580000,0x00000000d5580000,0x00000000eb600000)
  from space 51712K, 98% used [0x00000000eb600000,0x00000000ee7835d0,0x00000000ee880000)
  to   space 59904K, 0% used [0x00000000f2880000,0x00000000f2880000,0x00000000f6300000)
 ParOldGen       total 125952K, used 54924K [0x0000000080000000, 0x0000000087b00000, 0x00000000d5580000)
  object space 125952K, 43% used [0x0000000080000000,0x00000000835a3038,0x0000000087b00000)
 Metaspace       used 94233K, capacity 98449K, committed 98560K, reserved 1134592K
  class space    used 12019K, capacity 12840K, committed 12928K, reserved 1048576K
Event: 99.072 GC heap after
Heap after GC invocations=31 (full 4):
 PSYoungGen      total 412672K, used 0K [0x00000000d5580000, 0x00000000f6300000, 0x0000000100000000)
  eden space 360960K, 0% used [0x00000000d5580000,0x00000000d5580000,0x00000000eb600000)
  from space 51712K, 0% used [0x00000000eb600000,0x00000000eb600000,0x00000000ee880000)
  to   space 59904K, 0% used [0x00000000f2880000,0x00000000f2880000,0x00000000f6300000)
 ParOldGen       total 184832K, used 68026K [0x0000000080000000, 0x000000008b480000, 0x00000000d5580000)
  object space 184832K, 36% used [0x0000000080000000,0x000000008426eb58,0x000000008b480000)
 Metaspace       used 94075K, capacity 98143K, committed 98560K, reserved 1134592K
  class space    used 11979K, capacity 12761K, committed 12928K, reserved 1048576K
}
Event: 114.083 GC heap before
{Heap before GC invocations=32 (full 4):
 PSYoungGen      total 412672K, used 360960K [0x00000000d5580000, 0x00000000f6300000, 0x0000000100000000)
  eden space 360960K, 100% used [0x00000000d5580000,0x00000000eb600000,0x00000000eb600000)
  from space 51712K, 0% used [0x00000000eb600000,0x00000000eb600000,0x00000000ee880000)
  to   space 59904K, 0% used [0x00000000f2880000,0x00000000f2880000,0x00000000f6300000)
 ParOldGen       total 184832K, used 68026K [0x0000000080000000, 0x000000008b480000, 0x00000000d5580000)
  object space 184832K, 36% used [0x0000000080000000,0x000000008426eb58,0x000000008b480000)
 Metaspace       used 101189K, capacity 105699K, committed 105984K, reserved 1140736K
  class space    used 12842K, capacity 13691K, committed 13824K, reserved 1048576K
Event: 114.097 GC heap after
Heap after GC invocations=32 (full 4):
 PSYoungGen      total 472064K, used 9259K [0x00000000d5580000, 0x00000000f5f00000, 0x0000000100000000)
  eden space 416256K, 0% used [0x00000000d5580000,0x00000000d5580000,0x00000000eec00000)
  from space 55808K, 16% used [0x00000000f2880000,0x00000000f318ae10,0x00000000f5f00000)
  to   space 58880K, 0% used [0x00000000eec00000,0x00000000eec00000,0x00000000f2580000)
 ParOldGen       total 184832K, used 68034K [0x0000000080000000, 0x000000008b480000, 0x00000000d5580000)
  object space 184832K, 36% used [0x0000000080000000,0x0000000084270b58,0x000000008b480000)
 Metaspace       used 101189K, capacity 105699K, committed 105984K, reserved 1140736K
  class space    used 12842K, capacity 13691K, committed 13824K, reserved 1048576K
}
Event: 117.049 GC heap before
{Heap before GC invocations=33 (full 4):
 PSYoungGen      total 472064K, used 425515K [0x00000000d5580000, 0x00000000f5f00000, 0x0000000100000000)
  eden space 416256K, 100% used [0x00000000d5580000,0x00000000eec00000,0x00000000eec00000)
  from space 55808K, 16% used [0x00000000f2880000,0x00000000f318ae10,0x00000000f5f00000)
  to   space 58880K, 0% used [0x00000000eec00000,0x00000000eec00000,0x00000000f2580000)
 ParOldGen       total 184832K, used 68038K [0x0000000080000000, 0x000000008b480000, 0x00000000d5580000)
  object space 184832K, 36% used [0x0000000080000000,0x0000000084271b68,0x000000008b480000)
 Metaspace       used 106246K, capacity 110947K, committed 111232K, reserved 1146880K
  class space    used 13519K, capacity 14428K, committed 14464K, reserved 1048576K
Event: 117.073 GC heap after
Heap after GC invocations=33 (full 4):
 PSYoungGen      total 475136K, used 16139K [0x00000000d5580000, 0x00000000f9700000, 0x0000000100000000)
  eden space 416256K, 0% used [0x00000000d5580000,0x00000000d5580000,0x00000000eec00000)
  from space 58880K, 27% used [0x00000000eec00000,0x00000000efbc2c70,0x00000000f2580000)
  to   space 56320K, 0% used [0x00000000f6000000,0x00000000f6000000,0x00000000f9700000)
 ParOldGen       total 184832K, used 68046K [0x0000000080000000, 0x000000008b480000, 0x00000000d5580000)
  object space 184832K, 36% used [0x0000000080000000,0x0000000084273b68,0x000000008b480000)
 Metaspace       used 106246K, capacity 110947K, committed 111232K, reserved 1146880K
  class space    used 13519K, capacity 14428K, committed 14464K, reserved 1048576K
}
Event: 120.245 GC heap before
{Heap before GC invocations=34 (full 4):
 PSYoungGen      total 475136K, used 432395K [0x00000000d5580000, 0x00000000f9700000, 0x0000000100000000)
  eden space 416256K, 100% used [0x00000000d5580000,0x00000000eec00000,0x00000000eec00000)
  from space 58880K, 27% used [0x00000000eec00000,0x00000000efbc2c70,0x00000000f2580000)
  to   space 56320K, 0% used [0x00000000f6000000,0x00000000f6000000,0x00000000f9700000)
 ParOldGen       total 184832K, used 68052K [0x0000000080000000, 0x000000008b480000, 0x00000000d5580000)
  object space 184832K, 36% used [0x0000000080000000,0x0000000084275318,0x000000008b480000)
 Metaspace       used 117074K, capacity 124271K, committed 124544K, reserved 1157120K
  class space    used 15436K, capacity 16936K, committed 17024K, reserved 1048576K
Event: 120.312 GC heap after
Heap after GC invocations=34 (full 4):
 PSYoungGen      total 531968K, used 39941K [0x00000000d5580000, 0x00000000fa500000, 0x0000000100000000)
  eden space 475648K, 0% used [0x00000000d5580000,0x00000000d5580000,0x00000000f2600000)
  from space 56320K, 70% used [0x00000000f6000000,0x00000000f87014f8,0x00000000f9700000)
  to   space 59392K, 0% used [0x00000000f2600000,0x00000000f2600000,0x00000000f6000000)
 ParOldGen       total 184832K, used 68060K [0x0000000080000000, 0x000000008b480000, 0x00000000d5580000)
  object space 184832K, 36% used [0x0000000080000000,0x0000000084277318,0x000000008b480000)
 Metaspace       used 117074K, capacity 124271K, committed 124544K, reserved 1157120K
  class space    used 15436K, capacity 16936K, committed 17024K, reserved 1048576K
}
Event: 124.457 GC heap before
{Heap before GC invocations=35 (full 4):
 PSYoungGen      total 531968K, used 515589K [0x00000000d5580000, 0x00000000fa500000, 0x0000000100000000)
  eden space 475648K, 100% used [0x00000000d5580000,0x00000000f2600000,0x00000000f2600000)
  from space 56320K, 70% used [0x00000000f6000000,0x00000000f87014f8,0x00000000f9700000)
  to   space 59392K, 0% used [0x00000000f2600000,0x00000000f2600000,0x00000000f6000000)
 ParOldGen       total 184832K, used 68060K [0x0000000080000000, 0x000000008b480000, 0x00000000d5580000)
  object space 184832K, 36% used [0x0000000080000000,0x0000000084277318,0x000000008b480000)
 Metaspace       used 119161K, capacity 126751K, committed 127104K, reserved 1159168K
  class space    used 15650K, capacity 17168K, committed 17280K, reserved 1048576K
Event: 124.785 GC heap after
Heap after GC invocations=35 (full 4):
 PSYoungGen      total 535040K, used 59379K [0x00000000d5580000, 0x00000000fa500000, 0x0000000100000000)
  eden space 475648K, 0% used [0x00000000d5580000,0x00000000d5580000,0x00000000f2600000)
  from space 59392K, 99% used [0x00000000f2600000,0x00000000f5ffcf08,0x00000000f6000000)
  to   space 56320K, 0% used [0x00000000f6000000,0x00000000f6000000,0x00000000f9700000)
 ParOldGen       total 184832K, used 99801K [0x0000000080000000, 0x000000008b480000, 0x00000000d5580000)
  object space 184832K, 53% used [0x0000000080000000,0x0000000086176578,0x000000008b480000)
 Metaspace       used 119161K, capacity 126751K, committed 127104K, reserved 1159168K
  class space    used 15650K, capacity 17168K, committed 17280K, reserved 1048576K
}

